<?xml version="1.0" encoding="UTF-8" standalone="no"?>
<testsuite failures="0" name="cucumber.runtime.formatter.JUnitFormatter" skipped="0" tests="4" time="0.151104">
<testcase classname="Free Crm Application testing" name="Search a deal" time="0.150447">
<system-out><![CDATA[Given This is a deal test...................................................passed
]]></system-out>
</testcase>
<testcase classname="Free Crm Application testing" name="search  a email" time="0.000123">
<system-out><![CDATA[Given This is a email test..................................................passed
]]></system-out>
</testcase>
<testcase classname="Free Crm Application testing" name="Search a form" time="0.000414">
<system-out><![CDATA[Given This is a form test...................................................passed
]]></system-out>
</testcase>
<testcase classname="Free Crm Application testing" name="Search a doc" time="0.00012">
<system-out><![CDATA[Given This is a doc test....................................................passed
]]></system-out>
</testcase>
</testsuite>
